2016-04-11 13:21:04 ERROR AgileDoubleStreamLive:116 - Twitter Streaming API tracking AGILE in progress
org.apache.flink.runtime.client.JobExecutionException: Job execution failed.
	at org.apache.flink.runtime.jobmanager.JobManager$$anonfun$handleMessage$1$$anonfun$applyOrElse$7.apply$mcV$sp(JobManager.scala:716)
	at org.apache.flink.runtime.jobmanager.JobManager$$anonfun$handleMessage$1$$anonfun$applyOrElse$7.apply(JobManager.scala:662)
	at org.apache.flink.runtime.jobmanager.JobManager$$anonfun$handleMessage$1$$anonfun$applyOrElse$7.apply(JobManager.scala:662)
	at scala.concurrent.impl.Future$PromiseCompletingRunnable.liftedTree1$1(Future.scala:24)
	at scala.concurrent.impl.Future$PromiseCompletingRunnable.run(Future.scala:24)
	at akka.dispatch.TaskInvocation.run(AbstractDispatcher.scala:41)
	at akka.dispatch.ForkJoinExecutorConfigurator$AkkaForkJoinTask.exec(AbstractDispatcher.scala:401)
	at scala.concurrent.forkjoin.ForkJoinTask.doExec(ForkJoinTask.java:260)
	at scala.concurrent.forkjoin.ForkJoinPool$WorkQueue.pollAndExecAll(ForkJoinPool.java:1253)
	at scala.concurrent.forkjoin.ForkJoinPool$WorkQueue.runTask(ForkJoinPool.java:1346)
	at scala.concurrent.forkjoin.ForkJoinPool.runWorker(ForkJoinPool.java:1979)
	at scala.concurrent.forkjoin.ForkJoinWorkerThread.run(ForkJoinWorkerThread.java:107)
Caused by: java.io.IOException: Output directory '/tmp.twits' could not be created. Canceling task...
	at org.apache.flink.api.common.io.FileOutputFormat.open(FileOutputFormat.java:237)
	at org.apache.flink.api.java.io.TextOutputFormat.open(TextOutputFormat.java:78)
	at org.apache.flink.streaming.api.functions.sink.OutputFormatSinkFunction.open(OutputFormatSinkFunction.java:60)
	at org.apache.flink.api.common.functions.util.FunctionUtils.openFunction(FunctionUtils.java:38)
	at org.apache.flink.streaming.api.operators.AbstractUdfStreamOperator.open(AbstractUdfStreamOperator.java:91)
	at org.apache.flink.streaming.runtime.tasks.StreamTask.openAllOperators(StreamTask.java:317)
	at org.apache.flink.streaming.runtime.tasks.StreamTask.invoke(StreamTask.java:215)
	at org.apache.flink.runtime.taskmanager.Task.run(Task.java:559)
	at java.lang.Thread.run(Thread.java:745)
2016-04-11 13:35:03 ERROR AgileDoubleStreamLive:116 - Twitter Streaming API tracking AGILE in progress
org.apache.flink.runtime.client.JobExecutionException: Job execution failed.
	at org.apache.flink.runtime.jobmanager.JobManager$$anonfun$handleMessage$1$$anonfun$applyOrElse$7.apply$mcV$sp(JobManager.scala:716)
	at org.apache.flink.runtime.jobmanager.JobManager$$anonfun$handleMessage$1$$anonfun$applyOrElse$7.apply(JobManager.scala:662)
	at org.apache.flink.runtime.jobmanager.JobManager$$anonfun$handleMessage$1$$anonfun$applyOrElse$7.apply(JobManager.scala:662)
	at scala.concurrent.impl.Future$PromiseCompletingRunnable.liftedTree1$1(Future.scala:24)
	at scala.concurrent.impl.Future$PromiseCompletingRunnable.run(Future.scala:24)
	at akka.dispatch.TaskInvocation.run(AbstractDispatcher.scala:41)
	at akka.dispatch.ForkJoinExecutorConfigurator$AkkaForkJoinTask.exec(AbstractDispatcher.scala:401)
	at scala.concurrent.forkjoin.ForkJoinTask.doExec(ForkJoinTask.java:260)
	at scala.concurrent.forkjoin.ForkJoinPool$WorkQueue.pollAndExecAll(ForkJoinPool.java:1253)
	at scala.concurrent.forkjoin.ForkJoinPool$WorkQueue.runTask(ForkJoinPool.java:1346)
	at scala.concurrent.forkjoin.ForkJoinPool.runWorker(ForkJoinPool.java:1979)
	at scala.concurrent.forkjoin.ForkJoinWorkerThread.run(ForkJoinWorkerThread.java:107)
Caused by: java.io.IOException: Output directory '/tmp.twits' could not be created. Canceling task...
	at org.apache.flink.api.common.io.FileOutputFormat.open(FileOutputFormat.java:237)
	at org.apache.flink.api.java.io.TextOutputFormat.open(TextOutputFormat.java:78)
	at org.apache.flink.streaming.api.functions.sink.OutputFormatSinkFunction.open(OutputFormatSinkFunction.java:60)
	at org.apache.flink.api.common.functions.util.FunctionUtils.openFunction(FunctionUtils.java:38)
	at org.apache.flink.streaming.api.operators.AbstractUdfStreamOperator.open(AbstractUdfStreamOperator.java:91)
	at org.apache.flink.streaming.runtime.tasks.StreamTask.openAllOperators(StreamTask.java:317)
	at org.apache.flink.streaming.runtime.tasks.StreamTask.invoke(StreamTask.java:215)
	at org.apache.flink.runtime.taskmanager.Task.run(Task.java:559)
	at java.lang.Thread.run(Thread.java:745)
2016-04-11 13:43:44 ERROR AgileDoubleStreamLive:116 - Twitter Streaming API tracking AGILE in progress
org.apache.flink.runtime.client.JobExecutionException: Job execution failed.
	at org.apache.flink.runtime.jobmanager.JobManager$$anonfun$handleMessage$1$$anonfun$applyOrElse$7.apply$mcV$sp(JobManager.scala:716)
	at org.apache.flink.runtime.jobmanager.JobManager$$anonfun$handleMessage$1$$anonfun$applyOrElse$7.apply(JobManager.scala:662)
	at org.apache.flink.runtime.jobmanager.JobManager$$anonfun$handleMessage$1$$anonfun$applyOrElse$7.apply(JobManager.scala:662)
	at scala.concurrent.impl.Future$PromiseCompletingRunnable.liftedTree1$1(Future.scala:24)
	at scala.concurrent.impl.Future$PromiseCompletingRunnable.run(Future.scala:24)
	at akka.dispatch.TaskInvocation.run(AbstractDispatcher.scala:41)
	at akka.dispatch.ForkJoinExecutorConfigurator$AkkaForkJoinTask.exec(AbstractDispatcher.scala:401)
	at scala.concurrent.forkjoin.ForkJoinTask.doExec(ForkJoinTask.java:260)
	at scala.concurrent.forkjoin.ForkJoinPool$WorkQueue.pollAndExecAll(ForkJoinPool.java:1253)
	at scala.concurrent.forkjoin.ForkJoinPool$WorkQueue.runTask(ForkJoinPool.java:1346)
	at scala.concurrent.forkjoin.ForkJoinPool.runWorker(ForkJoinPool.java:1979)
	at scala.concurrent.forkjoin.ForkJoinWorkerThread.run(ForkJoinWorkerThread.java:107)
Caused by: java.io.IOException: Output directory '/tmp.twittos' could not be created. Canceling task...
	at org.apache.flink.api.common.io.FileOutputFormat.open(FileOutputFormat.java:237)
	at org.apache.flink.api.java.io.TextOutputFormat.open(TextOutputFormat.java:78)
	at org.apache.flink.streaming.api.functions.sink.OutputFormatSinkFunction.open(OutputFormatSinkFunction.java:60)
	at org.apache.flink.api.common.functions.util.FunctionUtils.openFunction(FunctionUtils.java:38)
	at org.apache.flink.streaming.api.operators.AbstractUdfStreamOperator.open(AbstractUdfStreamOperator.java:91)
	at org.apache.flink.streaming.runtime.tasks.StreamTask.openAllOperators(StreamTask.java:317)
	at org.apache.flink.streaming.runtime.tasks.StreamTask.invoke(StreamTask.java:215)
	at org.apache.flink.runtime.taskmanager.Task.run(Task.java:559)
	at java.lang.Thread.run(Thread.java:745)
